{"numTotalTestSuites":107,"numPassedTestSuites":107,"numFailedTestSuites":0,"numPendingTestSuites":0,"numTotalTests":265,"numPassedTests":265,"numFailedTests":0,"numPendingTests":0,"numTodoTests":0,"snapshot":{"added":0,"failure":false,"filesAdded":0,"filesRemoved":0,"filesRemovedList":[],"filesUnmatched":0,"filesUpdated":0,"matched":0,"total":0,"unchecked":0,"uncheckedKeysByFile":[],"unmatched":0,"updated":0,"didUpdate":false},"startTime":1787851100843,"success":true,"testResults":[{"assertionResults":[{"ancestorTitles":["CatalogSkillProvider"],"fullName":"CatalogSkillProvider lists and loads the catalog active version, and ignores foreign locators","status":"passed","title":"lists and loads the catalog active version, and ignores foreign locators","duration":48.94200000000001,"failureMessages":[],"meta":{},"tags":[]},{"ancestorTitles":["CatalogSkillProvider"],"fullName":"CatalogSkillProvider serves the rolled-back version after the catalog switches","status":"passed","title":"serves the rolled-back version after the catalog switches","duration":26.896200000000135,"failureMessages":[],"meta":{},"tags":[]},{"ancestorTitles":["CatalogSkillProvider"],"fullName":"CatalogSkillProvider registers on the skill registry so a catalog skill resolves by name","status":"passed","title":"registers on the skill registry so a catalog skill resolves by name","duration":15.194099999999935,"failureMessages":[],"meta":{},"tags":[]}],"startTime":1787851102273,"endTime":1787851102364.194,"status":"passed","message":"","name":"D:/deepseek-harness/deepseek-harness/packages/paper/paper-foundation/tests/catalog-provider.spec.ts"},{"assertionResults":[{"ancestorTitles":["Paper foundation composition"],"fullName":"Paper foundation composition loads and disposes the phase-two services over real Cordis/storage facilities","status":"passed","title":"loads and disposes the phase-two services over real Cordis/storage facilities","duration":24.6259,"failureMessages":[],"meta":{},"tags":[]}],"startTime":1787851102272,"endTime":1787851102296.626,"status":"passed","message":"","name":"D:/deepseek-harness/deepseek-harness/packages/paper/paper-foundation/tests/composition.spec.ts"},{"assertionResults":[{"ancestorTitles":["context budgeting"],"fullName":"context budgeting prices text at the shared four-character density plus framing","status":"passed","title":"prices text at the shared four-character density plus framing","duration":1.440599999999904,"failureMessages":[],"meta":{},"tags":[]},{"ancestorTitles":["context budgeting"],"fullName":"context budgeting renders sections in declaration order separated by a blank line","status":"passed","title":"renders sections in declaration order separated by a blank line","duration":0.2538999999999305,"failureMessages":[],"meta":{},"tags":[]},{"ancestorTitles":["context budgeting"],"fullName":"context budgeting returns the prompt untouched when it already fits or the budget is unbounded","status":"passed","title":"returns the prompt untouched when it already fits or the budget is unbounded","duration":0.7918000000001939,"failureMessages":[],"meta":{},"tags":[]},{"ancestorTitles":["context budgeting"],"fullName":"context budgeting trims the lowest-priority section first and keeps head and tail","status":"passed","title":"trims the lowest-priority section first and keeps head and tail","duration":0.5535000000002128,"failureMessages":[],"meta":{},"tags":[]},{"ancestorTitles":["context budgeting"],"fullName":"context budgeting escalates through the priority tiers when one section is not enough","status":"passed","title":"escalates through the priority tiers when one section is not enough","duration":0.6504999999999654,"failureMessages":[],"meta":{},"tags":[]},{"ancestorTitles":["context budgeting"],"fullName":"context budgeting never trims a keep-section, and reports what it could not fit","status":"passed","title":"never trims a keep-section, and reports what it could not fit","duration":0.3589999999999236,"failureMessages":[],"meta":{},"tags":[]},{"ancestorTitles":["context budgeting"],"fullName":"context budgeting breaks a priority tie by length and stops when a section cannot shrink","status":"passed","title":"breaks a priority tie by length and stops when a section cannot shrink","duration":0.5155999999999494,"failureMessages":[],"meta":{},"tags":[]},{"ancestorTitles":["context budgeting"],"fullName":"context budgeting leaves sections already at the keep floor alone","status":"passed","title":"leaves sections already at the keep floor alone","duration":0.2460999999998421,"failureMessages":[],"meta":{},"tags":[]}],"startTime":1787851102268,"endTime":1787851102273.246,"status":"passed","message":"","name":"D:/deepseek-harness/deepseek-harness/packages/paper/paper-foundation/tests/context.spec.ts"},{"assertionResults":[{"ancestorTitles":["cost accounting"],"fullName":"cost accounting prices only routes the table declares and rounds to six decimals","status":"passed","title":"prices only routes the table declares and rounds to six decimals","duration":2.9122999999999593,"failureMessages":[],"meta":{},"tags":[]},{"ancestorTitles":["cost accounting"],"fullName":"cost accounting raises warning then exhausted, and treats a non-positive ceiling as unbounded","status":"passed","title":"raises warning then exhausted, and treats a non-positive ceiling as unbounded","duration":1.2939000000001215,"failureMessages":[],"meta":{},"tags":[]},{"ancestorTitles":["failure classification"],"fullName":"failure classification blocks configuration faults, revises content faults, and retries transport faults","status":"passed","title":"blocks configuration faults, revises content faults, and retries transport faults","duration":0.8224999999999909,"failureMessages":[],"meta":{},"tags":[]},{"ancestorTitles":["failure classification"],"fullName":"failure classification routes HTTP-coded failures by status class","status":"passed","title":"routes HTTP-coded failures by status class","duration":0.3557999999998174,"failureMessages":[],"meta":{},"tags":[]},{"ancestorTitles":["retry backoff"],"fullName":"retry backoff grows exponentially to the cap within the jitter band","status":"passed","title":"grows exponentially to the cap within the jitter band","duration":0.6406999999999243,"failureMessages":[],"meta":{},"tags":[]},{"ancestorTitles":["retry backoff"],"fullName":"retry backoff never returns less than a provider-requested delay","status":"passed","title":"never returns less than a provider-requested delay","duration":0.2883999999999105,"failureMessages":[],"meta":{},"tags":[]}],"startTime":1787851102269,"endTime":1787851102275.6406,"status":"passed","message":"","name":"D:/deepseek-harness/deepseek-harness/packages/paper/paper-foundation/tests/cost.spec.ts"},{"assertionResults":[{"ancestorTitles":["PaperDiagnosticsService"],"fullName":"PaperDiagnosticsService returns only stable success facts for a terminal provider result","status":"passed","title":"returns only stable success facts for a terminal provider result","duration":12.071500000000015,"failureMessages":[],"meta":{},"tags":[]},{"ancestorTitles":["PaperDiagnosticsService"],"fullName":"PaperDiagnosticsService maps a provider failure without exposing response content","status":"passed","title":"maps a provider failure without exposing response content","duration":2.3830999999998994,"failureMessages":[],"meta":{},"tags":[]},{"ancestorTitles":["PaperDiagnosticsService"],"fullName":"PaperDiagnosticsService aborts a probe that does not produce a terminal result before the deadline","status":"passed","title":"aborts a probe that does not produce a terminal result before the deadline","duration":20.929799999999886,"failureMessages":[],"meta":{},"tags":[]}],"startTime":1787851101975,"endTime":1787851102010.9297,"status":"passed","message":"","name":"D:/deepseek-harness/deepseek-harness/packages/paper/paper-foundation/tests/diagnostics.spec.ts"},{"assertionResults":[{"ancestorTitles":["executor context budgeting"],"fullName":"executor context budgeting compacts an oversized prompt, references the full text, and records the elision","status":"passed","title":"compacts an oversized prompt, references the full text, and records the elision","duration":37.32769999999982,"failureMessages":[],"meta":{},"tags":[]},{"ancestorTitles":["executor context budgeting"],"fullName":"executor context budgeting sends prompts whole when the adapter states no context window","status":"passed","title":"sends prompts whole when the adapter states no context window","duration":10.597800000000007,"failureMessages":[],"meta":{},"tags":[]},{"ancestorTitles":["executor context budgeting"],"fullName":"executor context budgeting leaves a prompt that already fits untouched","status":"passed","title":"leaves a prompt that already fits untouched","duration":5.281000000000176,"failureMessages":[],"meta":{},"tags":[]}],"startTime":1787851102267,"endTime":1787851102320.281,"status":"passed","message":"","name":"D:/deepseek-harness/deepseek-harness/packages/paper/paper-foundation/tests/executor-context.spec.ts"},{"assertionResults":[{"ancestorTitles":["executor policy resolution"],"fullName":"executor policy resolution resolves every default for a composition that declares none","status":"passed","title":"resolves every default for a composition that declares none","duration":2.874599999999873,"failureMessages":[],"meta":{},"tags":[]},{"ancestorTitles":["executor policy resolution"],"fullName":"executor policy resolution keeps every declared value and attaches an audit sink when one is mounted","status":"passed","title":"keeps every declared value and attaches an audit sink when one is mounted","duration":0.48489999999992506,"failureMessages":[],"meta":{},"tags":[]},{"ancestorTitles":["executor run guards"],"fullName":"executor run guards refuses to execute a run that does not exist","status":"passed","title":"refuses to execute a run that does not exist","duration":24.491400000000112,"failureMessages":[],"meta":{},"tags":[]},{"ancestorTitles":["executor run guards"],"fullName":"executor run guards executes a run that is already running without re-transitioning it","status":"passed","title":"executes a run that is already running without re-transitioning it","duration":18.12760000000003,"failureMessages":[],"meta":{},"tags":[]},{"ancestorTitles":["executor run guards"],"fullName":"executor run guards warns at the budget fraction and still finishes the run","status":"passed","title":"warns at the budget fraction and still finishes the run","duration":14.260500000000093,"failureMessages":[],"meta":{},"tags":[]},{"ancestorTitles":["executor run guards"],"fullName":"executor run guards classifies a thrown non-provider value and pauses after its attempts","status":"passed","title":"classifies a thrown non-provider value and pauses after its attempts","duration":37.358600000000024,"failureMessages":[],"meta":{},"tags":[]},{"ancestorTitles":["executor run guards"],"fullName":"executor run guards blocks immediately on a thrown value that carries a blocking code","status":"passed","title":"blocks immediately on a thrown value that carries a blocking code","duration":3.541500000000042,"failureMessages":[],"meta":{},"tags":[]},{"ancestorTitles":["reviewer output parsing"],"fullName":"reviewer output parsing treats output with no JSON object as one major defect","status":"passed","title":"treats output with no JSON object as one major defect","duration":5.063300000000027,"failureMessages":[],"meta":{},"tags":[]},{"ancestorTitles":["reviewer output parsing"],"fullName":"reviewer output parsing treats JSON without a defects array as one major defect","status":"passed","title":"treats JSON without a defects array as one major defect","duration":5.049400000000105,"failureMessages":[],"meta":{},"tags":[]},{"ancestorTitles":["reviewer output parsing"],"fullName":"reviewer output parsing treats unparsable JSON as one major defect","status":"passed","title":"treats unparsable JSON as one major defect","duration":4.977099999999837,"failureMessages":[],"meta":{},"tags":[]},{"ancestorTitles":["reviewer output parsing"],"fullName":"reviewer output parsing keeps described entries, drops shapeless ones, and defaults severity to minor","status":"passed","title":"keeps described entries, drops shapeless ones, and defaults severity to minor","duration":4.901000000000067,"failureMessages":[],"meta":{},"tags":[]}],"startTime":1787851102272,"endTime":1787851102393.901,"status":"passed","message":"","name":"D:/deepseek-harness/deepseek-harness/packages/paper/paper-foundation/tests/executor-guards.spec.ts"},{"assertionResults":[{"ancestorTitles":["executor resilience"],"fullName":"executor resilience retries a transport failure, records the retry, and completes","status":"passed","title":"retries a transport failure, records the retry, and completes","duration":55.55010000000016,"failureMessages":[],"meta":{},"tags":[]},{"ancestorTitles":["executor resilience"],"fullName":"executor resilience blocks a credential failure without retrying and fails the run","status":"passed","title":"blocks a credential failure without retrying and fails the run","duration":7.241700000000037,"failureMessages":[],"meta":{},"tags":[]},{"ancestorTitles":["executor resilience"],"fullName":"executor resilience pauses the run when retryable attempts are exhausted","status":"passed","title":"pauses the run when retryable attempts are exhausted","duration":38.27800000000002,"failureMessages":[],"meta":{},"tags":[]},{"ancestorTitles":["executor resilience"],"fullName":"executor resilience derives cost from the pricing table and carries it into the manifest","status":"passed","title":"derives cost from the pricing table and carries it into the manifest","duration":5.440800000000081,"failureMessages":[],"meta":{},"tags":[]},{"ancestorTitles":["executor resilience"],"fullName":"executor resilience pauses a new run once the day is over budget and records the refusal","status":"passed","title":"pauses a new run once the day is over budget and records the refusal","duration":3.654299999999921,"failureMessages":[],"meta":{},"tags":[]}],"startTime":1787851102269,"endTime":1787851102379.6543,"status":"passed","message":"","name":"D:/deepseek-harness/deepseek-harness/packages/paper/paper-foundation/tests/executor-resilience.spec.ts"},{"assertionResults":[{"ancestorTitles":["WorkflowExecutor"],"fullName":"WorkflowExecutor completes a fast run whose review passes on the first pass","status":"passed","title":"completes a fast run whose review passes on the first pass","duration":37.85459999999989,"failureMessages":[],"meta":{},"tags":[]},{"ancestorTitles":["WorkflowExecutor"],"fullName":"WorkflowExecutor delivers a fast run with defects after its single revise round","status":"passed","title":"delivers a fast run with defects after its single revise round","duration":15.32309999999984,"failureMessages":[],"meta":{},"tags":[]},{"ancestorTitles":["WorkflowExecutor"],"fullName":"WorkflowExecutor fails a strict run when defects persist past the policy ceiling","status":"passed","title":"fails a strict run when defects persist past the policy ceiling","duration":15.37700000000018,"failureMessages":[],"meta":{},"tags":[]},{"ancestorTitles":["WorkflowExecutor"],"fullName":"WorkflowExecutor pushes durable events in-process as they are appended","status":"passed","title":"pushes durable events in-process as they are appended","duration":5.389400000000023,"failureMessages":[],"meta":{},"tags":[]}],"startTime":1787851102270,"endTime":1787851102344.3894,"status":"passed","message":"","name":"D:/deepseek-harness/deepseek-harness/packages/paper/paper-foundation/tests/executor.spec.ts"},{"assertionResults":[{"ancestorTitles":["inferProvider"],"fullName":"inferProvider resolves a declared path segment and defaults everything else","status":"passed","title":"resolves a declared path segment and defaults everything else","duration":2.123199999999997,"failureMessages":[],"meta":{},"tags":[]},{"ancestorTitles":["inferProvider"],"fullName":"inferProvider resolves an unparseable value rather than throwing, and needs no table","status":"passed","title":"resolves an unparseable value rather than throwing, and needs no table","duration":0.37799999999992906,"failureMessages":[],"meta":{},"tags":[]},{"ancestorTitles":["inferProvider"],"fullName":"inferProvider matches a segment case-insensitively","status":"passed","title":"matches a segment case-insensitively","duration":0.21260000000006585,"failureMessages":[],"meta":{},"tags":[]},{"ancestorTitles":["migrateLegacySettings"],"fullName":"migrateLegacySettings lifts every credential value out of the settings record","status":"passed","title":"lifts every credential value out of the settings record","duration":3.8345999999999094,"failureMessages":[],"meta":{},"tags":[]},{"ancestorTitles":["migrateLegacySettings"],"fullName":"migrateLegacySettings gives an unconfigured role the executor route so a migrated install still runs","status":"passed","title":"gives an unconfigured role the executor route so a migrated install still runs","duration":0.8663000000001375,"failureMessages":[],"meta":{},"tags":[]},{"ancestorTitles":["migrateLegacySettings"],"fullName":"migrateLegacySettings folds the oldest flat document into the role form","status":"passed","title":"folds the oldest flat document into the role form","duration":1.3806999999999334,"failureMessages":[],"meta":{},"tags":[]},{"ancestorTitles":["migrateLegacySettings"],"fullName":"migrateLegacySettings prefers a role block over the flat fields of the same document","status":"passed","title":"prefers a role block over the flat fields of the same document","duration":0.36599999999998545,"failureMessages":[],"meta":{},"tags":[]},{"ancestorTitles":["migrateLegacySettings"],"fullName":"migrateLegacySettings applies the caller default timeout and reference naming","status":"passed","title":"applies the caller default timeout and reference naming","duration":0.3605999999999767,"failureMessages":[],"meta":{},"tags":[]},{"ancestorTitles":["migrateLegacySettings"],"fullName":"migrateLegacySettings names the default model when the document states none","status":"passed","title":"names the default model when the document states none","duration":0.3475999999998294,"failureMessages":[],"meta":{},"tags":[]},{"ancestorTitles":["migrateLegacySettings"],"fullName":"migrateLegacySettings refuses a document it cannot recognize or that configures nothing","status":"passed","title":"refuses a document it cannot recognize or that configures nothing","duration":2.6291000000001077,"failureMessages":[],"meta":{},"tags":[]},{"ancestorTitles":["enum normalization"],"fullName":"enum normalization maps every legacy spelling of a run status","status":"passed","title":"maps every legacy spelling of a run status","duration":0.567600000000084,"failureMessages":[],"meta":{},"tags":[]},{"ancestorTitles":["enum normalization"],"fullName":"enum normalization maps legacy node states, kinds, and modes","status":"passed","title":"maps legacy node states, kinds, and modes","duration":0.8408999999999196,"failureMessages":[],"meta":{},"tags":[]},{"ancestorTitles":["migrateLegacyRun"],"fullName":"migrateLegacyRun maps a full row and stamps the migrating harness","status":"passed","title":"maps a full row and stamps the migrating harness","duration":2.2031999999999243,"failureMessages":[],"meta":{},"tags":[]},{"ancestorTitles":["migrateLegacyRun"],"fullName":"migrateLegacyRun defaults absent usage and reuses the creation stamp","status":"passed","title":"defaults absent usage and reuses the creation stamp","duration":0.32330000000001746,"failureMessages":[],"meta":{},"tags":[]},{"ancestorTitles":["migrateLegacyRun"],"fullName":"migrateLegacyRun refuses a row that is not a legacy run","status":"passed","title":"refuses a row that is not a legacy run","duration":0.5953999999999269,"failureMessages":[],"meta":{},"tags":[]},{"ancestorTitles":["migrateLegacyNode"],"fullName":"migrateLegacyNode maps a full row with both artifact links","status":"passed","title":"maps a full row with both artifact links","duration":2.01929999999993,"failureMessages":[],"meta":{},"tags":[]},{"ancestorTitles":["migrateLegacyNode"],"fullName":"migrateLegacyNode defaults a sparse row and never assumes a node is safe to re-run","status":"passed","title":"defaults a sparse row and never assumes a node is safe to re-run","duration":0.35210000000006403,"failureMessages":[],"meta":{},"tags":[]},{"ancestorTitles":["migrateLegacyNode"],"fullName":"migrateLegacyNode treats an explicit legacy null the same as an absent field","status":"passed","title":"treats an explicit legacy null the same as an absent field","duration":0.3563000000001466,"failureMessages":[],"meta":{},"tags":[]},{"ancestorTitles":["migrateLegacyNode"],"fullName":"migrateLegacyNode refuses an unmappable role and a row of the wrong shape","status":"passed","title":"refuses an unmappable role and a row of the wrong shape","duration":0.7361000000000786,"failureMessages":[],"meta":{},"tags":[]},{"ancestorTitles":["migrateLegacyEvent"],"fullName":"migrateLegacyEvent maps a full row and its payload","status":"passed","title":"maps a full row and its payload","duration":1.3238000000001193,"failureMessages":[],"meta":{},"tags":[]},{"ancestorTitles":["migrateLegacyEvent"],"fullName":"migrateLegacyEvent defaults an absent payload and a run-scoped event","status":"passed","title":"defaults an absent payload and a run-scoped event","duration":0.28680000000008476,"failureMessages":[],"meta":{},"tags":[]},{"ancestorTitles":["migrateLegacyEvent"],"fullName":"migrateLegacyEvent refuses an unmappable event rather than dropping it from the log","status":"passed","title":"refuses an unmappable event rather than dropping it from the log","duration":0.731899999999996,"failureMessages":[],"meta":{},"tags":[]}],"startTime":1787851102270,"endTime":1787851102293.732,"status":"passed","message":"","name":"D:/deepseek-harness/deepseek-harness/packages/paper/paper-foundation/tests/legacy.spec.ts"},{"assertionResults":[{"ancestorTitles":["LegacyMigrationRunner dry run"],"fullName":"LegacyMigrationRunner dry run previews without writing anything","status":"passed","title":"previews without writing anything","duration":22.08550000000014,"failureMessages":[],"meta":{},"tags":[]},{"ancestorTitles":["LegacyMigrationRunner dry run"],"fullName":"LegacyMigrationRunner dry run reports the same refusal a commit would make","status":"passed","title":"reports the same refusal a commit would make","duration":7.404600000000073,"failureMessages":[],"meta":{},"tags":[]},{"ancestorTitles":["LegacyMigrationRunner commit"],"fullName":"LegacyMigrationRunner commit writes records, marks the legacy id, and audits the pass","status":"passed","title":"writes records, marks the legacy id, and audits the pass","duration":20.07210000000009,"failureMessages":[],"meta":{},"tags":[]},{"ancestorTitles":["LegacyMigrationRunner commit"],"fullName":"LegacyMigrationRunner commit skips a legacy id a previous pass already completed","status":"passed","title":"skips a legacy id a previous pass already completed","duration":5.070699999999988,"failureMessages":[],"meta":{},"tags":[]},{"ancestorTitles":["LegacyMigrationRunner commit"],"fullName":"LegacyMigrationRunner commit retries an unmarked bundle without duplicating the events it already wrote","status":"passed","title":"retries an unmarked bundle without duplicating the events it already wrote","duration":3.896400000000085,"failureMessages":[],"meta":{},"tags":[]},{"ancestorTitles":["LegacyMigrationRunner commit"],"fullName":"LegacyMigrationRunner commit refuses a run whose migrated event log has a gap","status":"passed","title":"refuses a run whose migrated event log has a gap","duration":2.667699999999968,"failureMessages":[],"meta":{},"tags":[]},{"ancestorTitles":["LegacyMigrationRunner commit"],"fullName":"LegacyMigrationRunner commit accepts an out-of-order but complete event log","status":"passed","title":"accepts an out-of-order but complete event log","duration":2.9235000000001037,"failureMessages":[],"meta":{},"tags":[]},{"ancestorTitles":["LegacyMigrationRunner commit"],"fullName":"LegacyMigrationRunner commit works without an audit trail in the composition","status":"passed","title":"works without an audit trail in the composition","duration":2.481899999999996,"failureMessages":[],"meta":{},"tags":[]},{"ancestorTitles":["LegacyMigrationRunner commit"],"fullName":"LegacyMigrationRunner commit lets a non-migration failure out rather than reporting it as a refusal","status":"passed","title":"lets a non-migration failure out rather than reporting it as a refusal","duration":2.7512000000001535,"failureMessages":[],"meta":{},"tags":[]},{"ancestorTitles":["PaperMigrationService state"],"fullName":"PaperMigrationService state counts only committed passes and survives a restart","status":"passed","title":"counts only committed passes and survives a restart","duration":6.949299999999994,"failureMessages":[],"meta":{},"tags":[]},{"ancestorTitles":["PaperMigrationService state"],"fullName":"PaperMigrationService state stamps an unnamed harness version rather than an empty one","status":"passed","title":"stamps an unnamed harness version rather than an empty one","duration":2.3741999999999734,"failureMessages":[],"meta":{},"tags":[]},{"ancestorTitles":["PaperMigrationService state"],"fullName":"PaperMigrationService state refuses every operation once its domain is closed","status":"passed","title":"refuses every operation once its domain is closed","duration":2.392699999999877,"failureMessages":[],"meta":{},"tags":[]},{"ancestorTitles":["resolveMigrationConfig"],"fullName":"resolveMigrationConfig resolves both absent and explicitly empty harness versions","status":"passed","title":"resolves both absent and explicitly empty harness versions","duration":0.18659999999999854,"failureMessages":[],"meta":{},"tags":[]},{"ancestorTitles":["resolveMigrationConfig"],"fullName":"resolveMigrationConfig keeps both caller-supplied stamps","status":"passed","title":"keeps both caller-supplied stamps","duration":0.08740000000011605,"failureMessages":[],"meta":{},"tags":[]}],"startTime":1787851102272,"endTime":1787851102354.0874,"status":"passed","message":"","name":"D:/deepseek-harness/deepseek-harness/packages/paper/paper-foundation/tests/migration.spec.ts"},{"assertionResults":[{"ancestorTitles":["PaperProviderService"],"fullName":"PaperProviderService resolves a role through the provider-neutral LLM registry","status":"passed","title":"resolves a role through the provider-neutral LLM registry","duration":9.616099999999989,"failureMessages":[],"meta":{},"tags":[]}],"startTime":1787851101977,"endTime":1787851101986.6162,"status":"passed","message":"","name":"D:/deepseek-harness/deepseek-harness/packages/paper/paper-foundation/tests/provider.spec.ts"},{"assertionResults":[{"ancestorTitles":["PaperReleaseService staging"],"fullName":"PaperReleaseService staging mints one stable install id and keeps it across restarts","status":"passed","title":"mints one stable install id and keeps it across restarts","duration":23.35440000000017,"failureMessages":[],"meta":{},"tags":[]},{"ancestorTitles":["PaperReleaseService staging"],"fullName":"PaperReleaseService staging stages a verified release once and audits it","status":"passed","title":"stages a verified release once and audits it","duration":14.509900000000016,"failureMessages":[],"meta":{},"tags":[]},{"ancestorTitles":["PaperReleaseService staging"],"fullName":"PaperReleaseService staging refuses a release this install is not yet offered","status":"passed","title":"refuses a release this install is not yet offered","duration":7.599099999999908,"failureMessages":[],"meta":{},"tags":[]},{"ancestorTitles":["PaperReleaseService staging"],"fullName":"PaperReleaseService staging refuses an unverifiable release before staging it","status":"passed","title":"refuses an unverifiable release before staging it","duration":5.387699999999995,"failureMessages":[],"meta":{},"tags":[]},{"ancestorTitles":["PaperReleaseService staging"],"fullName":"PaperReleaseService staging records an accepted unsigned release as unverified","status":"passed","title":"records an accepted unsigned release as unverified","duration":3.871499999999969,"failureMessages":[],"meta":{},"tags":[]},{"ancestorTitles":["PaperReleaseService staging"],"fullName":"PaperReleaseService staging works without an audit trail in the composition","status":"passed","title":"works without an audit trail in the composition","duration":4.343599999999924,"failureMessages":[],"meta":{},"tags":[]},{"ancestorTitles":["PaperReleaseService activation and health"],"fullName":"PaperReleaseService activation and health activates a staged version, remembers its predecessor, and confirms health","status":"passed","title":"activates a staged version, remembers its predecessor, and confirms health","duration":14.056700000000092,"failureMessages":[],"meta":{},"tags":[]},{"ancestorTitles":["PaperReleaseService activation and health"],"fullName":"PaperReleaseService activation and health refuses to activate a version that was never staged","status":"passed","title":"refuses to activate a version that was never staged","duration":2.4351000000001477,"failureMessages":[],"meta":{},"tags":[]},{"ancestorTitles":["PaperReleaseService activation and health"],"fullName":"PaperReleaseService activation and health reports no health confirmation when nothing is active or the record is gone","status":"passed","title":"reports no health confirmation when nothing is active or the record is gone","duration":3.271900000000187,"failureMessages":[],"meta":{},"tags":[]},{"ancestorTitles":["PaperReleaseService activation and health"],"fullName":"PaperReleaseService activation and health re-activating the active version keeps its recorded predecessor","status":"passed","title":"re-activating the active version keeps its recorded predecessor","duration":4.094200000000001,"failureMessages":[],"meta":{},"tags":[]},{"ancestorTitles":["PaperReleaseService rollback"],"fullName":"PaperReleaseService rollback returns to the recorded predecessor and audits the move","status":"passed","title":"returns to the recorded predecessor and audits the move","duration":3.4528000000000247,"failureMessages":[],"meta":{},"tags":[]},{"ancestorTitles":["PaperReleaseService rollback"],"fullName":"PaperReleaseService rollback refuses a rollback with no predecessor or an unstaged target","status":"passed","title":"refuses a rollback with no predecessor or an unstaged target","duration":2.513500000000022,"failureMessages":[],"meta":{},"tags":[]},{"ancestorTitles":["PaperReleaseService rollback"],"fullName":"PaperReleaseService rollback rolls back an active version that never reported healthy on the next start","status":"passed","title":"rolls back an active version that never reported healthy on the next start","duration":9.889599999999973,"failureMessages":[],"meta":{},"tags":[]},{"ancestorTitles":["PaperReleaseService rollback"],"fullName":"PaperReleaseService rollback leaves a healthy active version alone on the next start","status":"passed","title":"leaves a healthy active version alone on the next start","duration":4.199499999999944,"failureMessages":[],"meta":{},"tags":[]},{"ancestorTitles":["PaperReleaseService rollback"],"fullName":"PaperReleaseService rollback keeps an unproven first release active when it has no predecessor","status":"passed","title":"keeps an unproven first release active when it has no predecessor","duration":4.093500000000176,"failureMessages":[],"meta":{},"tags":[]},{"ancestorTitles":["PaperReleaseService rollback"],"fullName":"PaperReleaseService rollback keeps the pointer when the active record vanished before the restart","status":"passed","title":"keeps the pointer when the active record vanished before the restart","duration":5.17690000000016,"failureMessages":[],"meta":{},"tags":[]},{"ancestorTitles":["PaperReleaseService lifecycle guards"],"fullName":"PaperReleaseService lifecycle guards refuses every operation before initialization","status":"passed","title":"refuses every operation before initialization","duration":1.0498000000000047,"failureMessages":[],"meta":{},"tags":[]},{"ancestorTitles":["PaperReleaseService lifecycle guards"],"fullName":"PaperReleaseService lifecycle guards refuses reads once its domain is closed","status":"passed","title":"refuses reads once its domain is closed","duration":1.8554999999998927,"failureMessages":[],"meta":{},"tags":[]},{"ancestorTitles":["PaperReleaseService lifecycle guards"],"fullName":"PaperReleaseService lifecycle guards resolves its policy defaults when a composition names none","status":"passed","title":"resolves its policy defaults when a composition names none","duration":0.18080000000009022,"failureMessages":[],"meta":{},"tags":[]},{"ancestorTitles":["PaperReleaseService lifecycle guards"],"fullName":"PaperReleaseService lifecycle guards refuses a release signed by a key the deployment does not trust","status":"passed","title":"refuses a release signed by a key the deployment does not trust","duration":2.0394000000001142,"failureMessages":[],"meta":{},"tags":[]}],"startTime":1787851102275,"endTime":1787851102393.0393,"status":"passed","message":"","name":"D:/deepseek-harness/deepseek-harness/packages/paper/paper-foundation/tests/release-service.spec.ts"},{"assertionResults":[{"ancestorTitles":["release manifest verification"],"fullName":"release manifest verification accepts a signed manifest the deployment can run","status":"passed","title":"accepts a signed manifest the deployment can run","duration":6.691100000000006,"failureMessages":[],"meta":{},"tags":[]},{"ancestorTitles":["release manifest verification"],"fullName":"release manifest verification refuses anything that is not a manifest","status":"passed","title":"refuses anything that is not a manifest","duration":2.8524999999999636,"failureMessages":[],"meta":{},"tags":[]},{"ancestorTitles":["release manifest verification"],"fullName":"release manifest verification refuses a release that requires a newer harness, and accepts short-form versions","status":"passed","title":"refuses a release that requires a newer harness, and accepts short-form versions","duration":3.92450000000008,"failureMessages":[],"meta":{},"tags":[]},{"ancestorTitles":["release manifest verification"],"fullName":"release manifest verification refuses an unknown trust root and a forged signature","status":"passed","title":"refuses an unknown trust root and a forged signature","duration":0.9918999999999869,"failureMessages":[],"meta":{},"tags":[]},{"ancestorTitles":["release manifest verification"],"fullName":"release manifest verification accepts an unsigned manifest only in development mode","status":"passed","title":"accepts an unsigned manifest only in development mode","duration":0.9260999999999058,"failureMessages":[],"meta":{},"tags":[]},{"ancestorTitles":["release manifest verification"],"fullName":"release manifest verification signs a stable payload regardless of key order","status":"passed","title":"signs a stable payload regardless of key order","duration":0.6401000000000749,"failureMessages":[],"meta":{},"tags":[]},{"ancestorTitles":["staged rollout"],"fullName":"staged rollout offers everything at one and nothing at zero","status":"passed","title":"offers everything at one and nothing at zero","duration":0.3287000000000262,"failureMessages":[],"meta":{},"tags":[]},{"ancestorTitles":["staged rollout"],"fullName":"staged rollout is stable per install and version, and splits the population in between","status":"passed","title":"is stable per install and version, and splits the population in between","duration":2.9846000000000004,"failureMessages":[],"meta":{},"tags":[]},{"ancestorTitles":["release artifact verification"],"fullName":"release artifact verification accepts artifacts whose bytes match their recorded hash and size","status":"passed","title":"accepts artifacts whose bytes match their recorded hash and size","duration":1.095199999999977,"failureMessages":[],"meta":{},"tags":[]},{"ancestorTitles":["release artifact verification"],"fullName":"release artifact verification refuses a wrong size before it hashes, and a wrong hash after","status":"passed","title":"refuses a wrong size before it hashes, and a wrong hash after","duration":0.9609000000000378,"failureMessages":[],"meta":{},"tags":[]}],"startTime":1787851102274,"endTime":1787851102295.961,"status":"passed","message":"","name":"D:/deepseek-harness/deepseek-harness/packages/paper/paper-foundation/tests/release.spec.ts"},{"assertionResults":[{"ancestorTitles":["replayWorkflow"],"fullName":"replayWorkflow reconstructs run and node state from an ordered event stream","status":"passed","title":"reconstructs run and node state from an ordered event stream","duration":2.2182999999999993,"failureMessages":[],"meta":{},"tags":[]},{"ancestorTitles":["replayWorkflow"],"fullName":"replayWorkflow fails closed on gaps and contradictory state facts","status":"passed","title":"fails closed on gaps and contradictory state facts","duration":0.5765999999999849,"failureMessages":[],"meta":{},"tags":[]}],"startTime":1787851102269,"endTime":1787851102271.5767,"status":"passed","message":"","name":"D:/deepseek-harness/deepseek-harness/packages/paper/paper-foundation/tests/replay.spec.ts"},{"assertionResults":[{"ancestorTitles":["redaction"],"fullName":"redaction masks labeled, bearer, and prefixed credential material in text","status":"passed","title":"masks labeled, bearer, and prefixed credential material in text","duration":3.112100000000055,"failureMessages":[],"meta":{},"tags":[]},{"ancestorTitles":["redaction"],"fullName":"redaction leaves ordinary prose and short values untouched","status":"passed","title":"leaves ordinary prose and short values untouched","duration":0.3593999999998232,"failureMessages":[],"meta":{},"tags":[]},{"ancestorTitles":["redaction"],"fullName":"redaction masks credential-bearing keys at every depth and refuses to follow cycles","status":"passed","title":"masks credential-bearing keys at every depth and refuses to follow cycles","duration":1.9683999999999742,"failureMessages":[],"meta":{},"tags":[]},{"ancestorTitles":["redaction"],"fullName":"redaction replaces structure past the depth ceiling and drops non-JSON values","status":"passed","title":"replaces structure past the depth ceiling and drops non-JSON values","duration":0.4539999999999509,"failureMessages":[],"meta":{},"tags":[]},{"ancestorTitles":["redaction"],"fullName":"redaction redacts detail maps without dropping their keys","status":"passed","title":"redacts detail maps without dropping their keys","duration":0.34410000000002583,"failureMessages":[],"meta":{},"tags":[]},{"ancestorTitles":["PaperAuditService restart"],"fullName":"PaperAuditService restart resumes the append sequence past the highest persisted entry","status":"passed","title":"resumes the append sequence past the highest persisted entry","duration":34.00669999999991,"failureMessages":[],"meta":{},"tags":[]},{"ancestorTitles":["PaperAuditService"],"fullName":"PaperAuditService records redacted entries in chronological order and filters by run","status":"passed","title":"records redacted entries in chronological order and filters by run","duration":5.461800000000039,"failureMessages":[],"meta":{},"tags":[]},{"ancestorTitles":["PaperAuditService"],"fullName":"PaperAuditService records a null run for host-scoped operations","status":"passed","title":"records a null run for host-scoped operations","duration":3.3940000000000055,"failureMessages":[],"meta":{},"tags":[]},{"ancestorTitles":["PaperAuditService"],"fullName":"PaperAuditService prunes entries past the retention window on the next write","status":"passed","title":"prunes entries past the retention window on the next write","duration":2.7971000000000004,"failureMessages":[],"meta":{},"tags":[]}],"startTime":1787851102268,"endTime":1787851102319.797,"status":"passed","message":"","name":"D:/deepseek-harness/deepseek-harness/packages/paper/paper-foundation/tests/security.spec.ts"},{"assertionResults":[{"ancestorTitles":["PaperDiagnosticsService guards"],"fullName":"PaperDiagnosticsService guards refuses a timeout that is not a positive safe integer","status":"passed","title":"refuses a timeout that is not a positive safe integer","duration":8.322000000000116,"failureMessages":[],"meta":{},"tags":[]},{"ancestorTitles":["PaperDiagnosticsService guards"],"fullName":"PaperDiagnosticsService guards reports an incomplete stream that neither finished nor aborted","status":"passed","title":"reports an incomplete stream that neither finished nor aborted","duration":3.749900000000025,"failureMessages":[],"meta":{},"tags":[]},{"ancestorTitles":["PaperDiagnosticsService guards"],"fullName":"PaperDiagnosticsService guards reports an aborted terminal result","status":"passed","title":"reports an aborted terminal result","duration":1.842600000000175,"failureMessages":[],"meta":{},"tags":[]},{"ancestorTitles":["PaperDiagnosticsService guards"],"fullName":"PaperDiagnosticsService guards reports a throw that lands after the deadline as an abort","status":"passed","title":"reports a throw that lands after the deadline as an abort","duration":20.336599999999862,"failureMessages":[],"meta":{},"tags":[]},{"ancestorTitles":["PaperDiagnosticsService guards"],"fullName":"PaperDiagnosticsService guards projects a thrown provider error onto its stable code, and anything else onto a generic one","status":"passed","title":"projects a thrown provider error onto its stable code, and anything else onto a generic one","duration":2.7476000000001477,"failureMessages":[],"meta":{},"tags":[]},{"ancestorTitles":["PaperProviderService"],"fullName":"PaperProviderService dispatches an assembled request through the shared runtime","status":"passed","title":"dispatches an assembled request through the shared runtime","duration":1.9688999999998487,"failureMessages":[],"meta":{},"tags":[]},{"ancestorTitles":["PaperAuditService lifecycle"],"fullName":"PaperAuditService lifecycle records a host-scoped entry and refuses reads once its domain is closed","status":"passed","title":"records a host-scoped entry and refuses reads once its domain is closed","duration":9.610000000000127,"failureMessages":[],"meta":{},"tags":[]},{"ancestorTitles":["PaperAuditService lifecycle"],"fullName":"PaperAuditService lifecycle falls back to the default retention when constructed without config","status":"passed","title":"falls back to the default retention when constructed without config","duration":0.9924999999998363,"failureMessages":[],"meta":{},"tags":[]},{"ancestorTitles":["PaperSettingsService over a real settings provider"],"fullName":"PaperSettingsService over a real settings provider reads through the registered scope and counts committed changes","status":"passed","title":"reads through the registered scope and counts committed changes","duration":5.007200000000012,"failureMessages":[],"meta":{},"tags":[]},{"ancestorTitles":["PaperExecutorService configuration"],"fullName":"PaperExecutorService configuration resolves every policy default when a composition names none","status":"passed","title":"resolves every policy default when a composition names none","duration":3.2520999999999276,"failureMessages":[],"meta":{},"tags":[]},{"ancestorTitles":["PaperExecutorService configuration"],"fullName":"PaperExecutorService configuration refuses use before initialization","status":"passed","title":"refuses use before initialization","duration":0.5915999999999713,"failureMessages":[],"meta":{},"tags":[]},{"ancestorTitles":["paper invariant companion"],"fullName":"paper invariant companion accepts declared tables and schema-valid values, and fails on anything else","status":"passed","title":"accepts declared tables and schema-valid values, and fails on anything else","duration":2.761399999999867,"failureMessages":[],"meta":{},"tags":[]},{"ancestorTitles":["skill conflict detection"],"fullName":"skill conflict detection reports nothing when tools and tags do not overlap","status":"passed","title":"reports nothing when tools and tags do not overlap","duration":0.21240000000011605,"failureMessages":[],"meta":{},"tags":[]}],"startTime":1787851102272,"endTime":1787851102335.2124,"status":"passed","message":"","name":"D:/deepseek-harness/deepseek-harness/packages/paper/paper-foundation/tests/service-guards.spec.ts"},{"assertionResults":[{"ancestorTitles":["PaperSettingsService"],"fullName":"PaperSettingsService returns a detached snapshot and keeps credential values out of the settings contract","status":"passed","title":"returns a detached snapshot and keeps credential values out of the settings contract","duration":6.299000000000092,"failureMessages":[],"meta":{},"tags":[]}],"startTime":1787851101852,"endTime":1787851101858.299,"status":"passed","message":"","name":"D:/deepseek-harness/deepseek-harness/packages/paper/paper-foundation/tests/settings.spec.ts"},{"assertionResults":[{"ancestorTitles":["signed package validation refusals"],"fullName":"signed package validation refusals refuses a directory with no readable manifest","status":"passed","title":"refuses a directory with no readable manifest","duration":11.98090000000002,"failureMessages":[],"meta":{},"tags":[]},{"ancestorTitles":["signed package validation refusals"],"fullName":"signed package validation refusals refuses a manifest that does not match the schema","status":"passed","title":"refuses a manifest that does not match the schema","duration":8.522200000000112,"failureMessages":[],"meta":{},"tags":[]},{"ancestorTitles":["signed package validation refusals"],"fullName":"signed package validation refusals refuses an id that is not a skill name","status":"passed","title":"refuses an id that is not a skill name","duration":6.173800000000028,"failureMessages":[],"meta":{},"tags":[]},{"ancestorTitles":["signed package validation refusals"],"fullName":"signed package validation refusals refuses a package that requires a newer harness and accepts equal or older","status":"passed","title":"refuses a package that requires a newer harness and accepts equal or older","duration":38.253799999999956,"failureMessages":[],"meta":{},"tags":[]},{"ancestorTitles":["signed package validation refusals"],"fullName":"signed package validation refusals refuses a forged signature","status":"passed","title":"refuses a forged signature","duration":3.3725999999999203,"failureMessages":[],"meta":{},"tags":[]},{"ancestorTitles":["signed package validation refusals"],"fullName":"signed package validation refusals refuses integrity that names an unsupported file or omits the body","status":"passed","title":"refuses integrity that names an unsupported file or omits the body","duration":7.265100000000075,"failureMessages":[],"meta":{},"tags":[]},{"ancestorTitles":["signed package validation refusals"],"fullName":"signed package validation refusals refuses tools.json that is unreadable or not a string array","status":"passed","title":"refuses tools.json that is unreadable or not a string array","duration":11.618099999999913,"failureMessages":[],"meta":{},"tags":[]},{"ancestorTitles":["signed package validation refusals"],"fullName":"signed package validation refusals reads no declared tools when integrity does not cover tools.json","status":"passed","title":"reads no declared tools when integrity does not cover tools.json","duration":2.9218000000000757,"failureMessages":[],"meta":{},"tags":[]},{"ancestorTitles":["SignedSkillProvider catalog behavior"],"fullName":"SignedSkillProvider catalog behavior skips unreadable roots and invalid packages while listing the sound ones","status":"passed","title":"skips unreadable roots and invalid packages while listing the sound ones","duration":9.035499999999956,"failureMessages":[],"meta":{},"tags":[]},{"ancestorTitles":["SignedSkillProvider catalog behavior"],"fullName":"SignedSkillProvider catalog behavior accepts an unsigned package only when the deployment allows it","status":"passed","title":"accepts an unsigned package only when the deployment allows it","duration":3.4088999999999032,"failureMessages":[],"meta":{},"tags":[]},{"ancestorTitles":["SignedSkillProvider catalog behavior"],"fullName":"SignedSkillProvider catalog behavior registers on the skill registry through its plugin form","status":"passed","title":"registers on the skill registry through its plugin form","duration":13.927400000000034,"failureMessages":[],"meta":{},"tags":[]},{"ancestorTitles":["SignedSkillProvider catalog behavior"],"fullName":"SignedSkillProvider catalog behavior reports the refused directory on its validation error","status":"passed","title":"reports the refused directory on its validation error","duration":4.130799999999908,"failureMessages":[],"meta":{},"tags":[]}],"startTime":1787851102273,"endTime":1787851102394.1309,"status":"passed","message":"","name":"D:/deepseek-harness/deepseek-harness/packages/paper/paper-foundation/tests/signed-skill-guards.spec.ts"},{"assertionResults":[{"ancestorTitles":["signed skill packages"],"fullName":"signed skill packages loads a package only after hash and signature validation","status":"passed","title":"loads a package only after hash and signature validation","duration":18.80359999999996,"failureMessages":[],"meta":{},"tags":[]},{"ancestorTitles":["signed skill packages"],"fullName":"signed skill packages rejects unknown trust roots and modified content","status":"passed","title":"rejects unknown trust roots and modified content","duration":9.056800000000067,"failureMessages":[],"meta":{},"tags":[]}],"startTime":1787851102264,"endTime":1787851102292.057,"status":"passed","message":"","name":"D:/deepseek-harness/deepseek-harness/packages/paper/paper-foundation/tests/signed-skill.spec.ts"},{"assertionResults":[{"ancestorTitles":["SkillCatalogService"],"fullName":"SkillCatalogService installs versioned packages, keeps history, and rolls back after re-validation","status":"passed","title":"installs versioned packages, keeps history, and rolls back after re-validation","duration":52.78880000000004,"failureMessages":[],"meta":{},"tags":[]},{"ancestorTitles":["SkillCatalogService"],"fullName":"SkillCatalogService refuses rollback when the stored copy no longer validates","status":"passed","title":"refuses rollback when the stored copy no longer validates","duration":19.927799999999934,"failureMessages":[],"meta":{},"tags":[]},{"ancestorTitles":["SkillCatalogService"],"fullName":"SkillCatalogService rejects installs whose active tools conflict and accepts same-id upgrades","status":"passed","title":"rejects installs whose active tools conflict and accepts same-id upgrades","duration":20.725000000000136,"failureMessages":[],"meta":{},"tags":[]},{"ancestorTitles":["SkillCatalogService"],"fullName":"SkillCatalogService enforces exclusive tag groups through install","status":"passed","title":"enforces exclusive tag groups through install","duration":14.580200000000104,"failureMessages":[],"meta":{},"tags":[]},{"ancestorTitles":["SkillCatalogService"],"fullName":"SkillCatalogService loads unsigned packages only in development mode","status":"passed","title":"loads unsigned packages only in development mode","duration":15.972099999999955,"failureMessages":[],"meta":{},"tags":[]},{"ancestorTitles":["SkillCatalogService edge cases"],"fullName":"SkillCatalogService edge cases treats reinstalling a stored version as a no-op","status":"passed","title":"treats reinstalling a stored version as a no-op","duration":11.67529999999988,"failureMessages":[],"meta":{},"tags":[]},{"ancestorTitles":["SkillCatalogService edge cases"],"fullName":"SkillCatalogService edge cases installs a package whose integrity covers no tool declaration","status":"passed","title":"installs a package whose integrity covers no tool declaration","duration":10.625499999999874,"failureMessages":[],"meta":{},"tags":[]},{"ancestorTitles":["SkillCatalogService edge cases"],"fullName":"SkillCatalogService edge cases refuses to roll back a skill that was never installed","status":"passed","title":"refuses to roll back a skill that was never installed","duration":2.3514000000000124,"failureMessages":[],"meta":{},"tags":[]},{"ancestorTitles":["SkillCatalogService edge cases"],"fullName":"SkillCatalogService edge cases treats a record whose active version is missing as declaring nothing","status":"passed","title":"treats a record whose active version is missing as declaring nothing","duration":20.66470000000004,"failureMessages":[],"meta":{},"tags":[]},{"ancestorTitles":["SkillCatalogService edge cases"],"fullName":"SkillCatalogService edge cases refuses reads once its domain is closed","status":"passed","title":"refuses reads once its domain is closed","duration":5.5452000000000226,"failureMessages":[],"meta":{},"tags":[]},{"ancestorTitles":["detectSkillConflicts"],"fullName":"detectSkillConflicts reports tool and tag conflicts between distinct skills only","status":"passed","title":"reports tool and tag conflicts between distinct skills only","duration":0.5923999999999978,"failureMessages":[],"meta":{},"tags":[]}],"startTime":1787851102274,"endTime":1787851102449.5923,"status":"passed","message":"","name":"D:/deepseek-harness/deepseek-harness/packages/paper/paper-foundation/tests/skill-catalog.spec.ts"},{"assertionResults":[{"ancestorTitles":["cleanseSkillBody"],"fullName":"cleanseSkillBody turns provider-specific markup into a fenced block, keeping the content","status":"passed","title":"turns provider-specific markup into a fenced block, keeping the content","duration":4.957800000000134,"failureMessages":[],"meta":{},"tags":[]},{"ancestorTitles":["cleanseSkillBody"],"fullName":"cleanseSkillBody keeps tag attributes out of the result and handles an inline pair","status":"passed","title":"keeps tag attributes out of the result and handles an inline pair","duration":0.6037000000001171,"failureMessages":[],"meta":{},"tags":[]},{"ancestorTitles":["cleanseSkillBody"],"fullName":"cleanseSkillBody uses the default fence for a custom unwrap rule that names none","status":"passed","title":"uses the default fence for a custom unwrap rule that names none","duration":0.3774999999998272,"failureMessages":[],"meta":{},"tags":[]},{"ancestorTitles":["cleanseSkillBody"],"fullName":"cleanseSkillBody removes an empty pair outright rather than leaving an empty fence","status":"passed","title":"removes an empty pair outright rather than leaving an empty fence","duration":1.1453999999998814,"failureMessages":[],"meta":{},"tags":[]},{"ancestorTitles":["cleanseSkillBody"],"fullName":"cleanseSkillBody removes a self-closing or unpaired tag without leaving half of it behind","status":"passed","title":"removes a self-closing or unpaired tag without leaving half of it behind","duration":0.46309999999994034,"failureMessages":[],"meta":{},"tags":[]},{"ancestorTitles":["cleanseSkillBody"],"fullName":"cleanseSkillBody drops instructions that drive a provider tool or bypass the permission surface","status":"passed","title":"drops instructions that drive a provider tool or bypass the permission surface","duration":0.6956000000000131,"failureMessages":[],"meta":{},"tags":[]},{"ancestorTitles":["cleanseSkillBody"],"fullName":"cleanseSkillBody drops directives that treat reasoning as a parseable field","status":"passed","title":"drops directives that treat reasoning as a parseable field","duration":0.4469000000001415,"failureMessages":[],"meta":{},"tags":[]},{"ancestorTitles":["cleanseSkillBody"],"fullName":"cleanseSkillBody leaves a clean body byte-identical apart from a trailing newline","status":"passed","title":"leaves a clean body byte-identical apart from a trailing newline","duration":0.33539999999993597,"failureMessages":[],"meta":{},"tags":[]},{"ancestorTitles":["cleanseSkillBody"],"fullName":"cleanseSkillBody collapses the blank runs and trailing space a removal leaves behind","status":"passed","title":"collapses the blank runs and trailing space a removal leaves behind","duration":0.3007999999999811,"failureMessages":[],"meta":{},"tags":[]},{"ancestorTitles":["cleanseSkillBody"],"fullName":"cleanseSkillBody reports the line of each change and truncates a long excerpt","status":"passed","title":"reports the line of each change and truncates a long excerpt","duration":0.3627999999998792,"failureMessages":[],"meta":{},"tags":[]},{"ancestorTitles":["custom cleanse rules"],"fullName":"custom cleanse rules replaces a matched pattern with the rule replacement","status":"passed","title":"replaces a matched pattern with the rule replacement","duration":0.5688999999999851,"failureMessages":[],"meta":{},"tags":[]},{"ancestorTitles":["custom cleanse rules"],"fullName":"custom cleanse rules deletes a match when the replace rule states no replacement","status":"passed","title":"deletes a match when the replace rule states no replacement","duration":0.18619999999987158,"failureMessages":[],"meta":{},"tags":[]},{"ancestorTitles":["custom cleanse rules"],"fullName":"custom cleanse rules accepts a literal string match for drop-line and replace","status":"passed","title":"accepts a literal string match for drop-line and replace","duration":0.30529999999998836,"failureMessages":[],"meta":{},"tags":[]},{"ancestorTitles":["custom cleanse rules"],"fullName":"custom cleanse rules honors a global flag already present on a replace pattern","status":"passed","title":"honors a global flag already present on a replace pattern","duration":0.19890000000009422,"failureMessages":[],"meta":{},"tags":[]},{"ancestorTitles":["custom cleanse rules"],"fullName":"custom cleanse rules applies no rules when handed an empty set","status":"passed","title":"applies no rules when handed an empty set","duration":0.1674000000000433,"failureMessages":[],"meta":{},"tags":[]},{"ancestorTitles":["needsCleansing"],"fullName":"needsCleansing separates a migrated body from one that still carries legacy markup","status":"passed","title":"separates a migrated body from one that still carries legacy markup","duration":0.34619999999995343,"failureMessages":[],"meta":{},"tags":[]},{"ancestorTitles":["needsCleansing"],"fullName":"needsCleansing answers against a caller rule set","status":"passed","title":"answers against a caller rule set","duration":0.17340000000012878,"failureMessages":[],"meta":{},"tags":[]},{"ancestorTitles":["DEFAULT_CLEANSE_RULES"],"fullName":"DEFAULT_CLEANSE_RULES gives every rule a unique id and a stated reason","status":"passed","title":"gives every rule a unique id and a stated reason","duration":0.22080000000005384,"failureMessages":[],"meta":{},"tags":[]}],"startTime":1787851102271,"endTime":1787851102283.3462,"status":"passed","message":"","name":"D:/deepseek-harness/deepseek-harness/packages/paper/paper-foundation/tests/skill-content.spec.ts"},{"assertionResults":[{"ancestorTitles":["SignedSkillProvider"],"fullName":"SignedSkillProvider lists and loads validated skills through the upstream registry","status":"passed","title":"lists and loads validated skills through the upstream registry","duration":38.78670000000011,"failureMessages":[],"meta":{},"tags":[]}],"startTime":1787851102267,"endTime":1787851102305.7866,"status":"passed","message":"","name":"D:/deepseek-harness/deepseek-harness/packages/paper/paper-foundation/tests/skill-provider.spec.ts"},{"assertionResults":[{"ancestorTitles":["Paper foundation schemas"],"fullName":"Paper foundation schemas accepts a complete run record and preserves the UUID brand at runtime","status":"passed","title":"accepts a complete run record and preserves the UUID brand at runtime","duration":7.700199999999995,"failureMessages":[],"meta":{},"tags":[]},{"ancestorTitles":["Paper foundation schemas"],"fullName":"Paper foundation schemas rejects a credential value in the role settings contract","status":"passed","title":"rejects a credential value in the role settings contract","duration":2.796000000000049,"failureMessages":[],"meta":{},"tags":[]},{"ancestorTitles":["Paper foundation schemas"],"fullName":"Paper foundation schemas rejects event sequence zero and malformed artifact hashes","status":"passed","title":"rejects event sequence zero and malformed artifact hashes","duration":3.5685999999999467,"failureMessages":[],"meta":{},"tags":[]}],"startTime":1787851101984,"endTime":1787851101998.5686,"status":"passed","message":"","name":"D:/deepseek-harness/deepseek-harness/packages/paper/paper-foundation/tests/spec.spec.ts"},{"assertionResults":[{"ancestorTitles":["workflow transition table"],"fullName":"workflow transition table accepts exactly the declared run edges and refuses every other pair","status":"passed","title":"accepts exactly the declared run edges and refuses every other pair","duration":2.384900000000016,"failureMessages":[],"meta":{},"tags":[]},{"ancestorTitles":["workflow transition table"],"fullName":"workflow transition table accepts exactly the declared node edges and refuses every other pair","status":"passed","title":"accepts exactly the declared node edges and refuses every other pair","duration":1.0195000000001073,"failureMessages":[],"meta":{},"tags":[]},{"ancestorTitles":["workflow transition table"],"fullName":"workflow transition table names the entity, id, and states it refused","status":"passed","title":"names the entity, id, and states it refused","duration":0.7169999999998709,"failureMessages":[],"meta":{},"tags":[]},{"ancestorTitles":["workflow transition table"],"fullName":"workflow transition table permits a retry only while attempts remain","status":"passed","title":"permits a retry only while attempts remain","duration":0.1877999999999247,"failureMessages":[],"meta":{},"tags":[]},{"ancestorTitles":["replay of the remaining event kinds"],"fullName":"replay of the remaining event kinds follows recovery, pause, completion, and failure events","status":"passed","title":"follows recovery, pause, completion, and failure events","duration":1.1603000000000065,"failureMessages":[],"meta":{},"tags":[]},{"ancestorTitles":["replay of the remaining event kinds"],"fullName":"replay of the remaining event kinds refuses an event stream that mixes runs","status":"passed","title":"refuses an event stream that mixes runs","duration":0.3709000000001197,"failureMessages":[],"meta":{},"tags":[]},{"ancestorTitles":["replay of the remaining event kinds"],"fullName":"replay of the remaining event kinds refuses node events that name no node or an uncreated node","status":"passed","title":"refuses node events that name no node or an uncreated node","duration":0.8840999999999894,"failureMessages":[],"meta":{},"tags":[]},{"ancestorTitles":["replay of the remaining event kinds"],"fullName":"replay of the remaining event kinds refuses an illegal run transition and a contradictory run state","status":"passed","title":"refuses an illegal run transition and a contradictory run state","duration":0.6726999999998498,"failureMessages":[],"meta":{},"tags":[]},{"ancestorTitles":["replay of the remaining event kinds"],"fullName":"replay of the remaining event kinds reports an empty stream as sequence zero","status":"passed","title":"reports an empty stream as sequence zero","duration":1.175499999999829,"failureMessages":[],"meta":{},"tags":[]}],"startTime":1787851102268,"endTime":1787851102277.1755,"status":"passed","message":"","name":"D:/deepseek-harness/deepseek-harness/packages/paper/paper-foundation/tests/state-machine.spec.ts"},{"assertionResults":[{"ancestorTitles":["DomainWorkflowRunRepository"],"fullName":"DomainWorkflowRunRepository persists runs and resumes events after reopening the shared medium","status":"passed","title":"persists runs and resumes events after reopening the shared medium","duration":21.204499999999825,"failureMessages":[],"meta":{},"tags":[]},{"ancestorTitles":["DomainWorkflowRunRepository"],"fullName":"DomainWorkflowRunRepository rejects duplicate event sequence keys without replacing the first event","status":"passed","title":"rejects duplicate event sequence keys without replacing the first event","duration":5.630100000000084,"failureMessages":[],"meta":{},"tags":[]}],"startTime":1787851102265,"endTime":1787851102291.6301,"status":"passed","message":"","name":"D:/deepseek-harness/deepseek-harness/packages/paper/paper-foundation/tests/store.spec.ts"},{"assertionResults":[{"ancestorTitles":["workflow engine guards"],"fullName":"workflow engine guards refuses to add a node to a run that is no longer planning or running","status":"passed","title":"refuses to add a node to a run that is no longer planning or running","duration":21.213500000000067,"failureMessages":[],"meta":{},"tags":[]},{"ancestorTitles":["workflow engine guards"],"fullName":"workflow engine guards rejects transitions, usage, and artifacts that name something absent","status":"passed","title":"rejects transitions, usage, and artifacts that name something absent","duration":4.350399999999809,"failureMessages":[],"meta":{},"tags":[]},{"ancestorTitles":["workflow engine guards"],"fullName":"workflow engine guards serializes concurrent writes on one run and releases the queue afterwards","status":"passed","title":"serializes concurrent writes on one run and releases the queue afterwards","duration":5.438900000000103,"failureMessages":[],"meta":{},"tags":[]},{"ancestorTitles":["workflow engine guards"],"fullName":"workflow engine guards stores and reads artifacts through the repository","status":"passed","title":"stores and reads artifacts through the repository","duration":4.2228000000000065,"failureMessages":[],"meta":{},"tags":[]},{"ancestorTitles":["workflow recovery guards"],"fullName":"workflow recovery guards refuses to recover a run whose record disagrees with its replayed history","status":"passed","title":"refuses to recover a run whose record disagrees with its replayed history","duration":4.25649999999996,"failureMessages":[],"meta":{},"tags":[]},{"ancestorTitles":["workflow recovery guards"],"fullName":"workflow recovery guards refuses to recover when a node record disagrees with its replayed state","status":"passed","title":"refuses to recover when a node record disagrees with its replayed state","duration":3.0060000000000855,"failureMessages":[],"meta":{},"tags":[]},{"ancestorTitles":["workflow recovery guards"],"fullName":"workflow recovery guards skips runs with no running node and leaves terminal runs alone","status":"passed","title":"skips runs with no running node and leaves terminal runs alone","duration":2.487899999999854,"failureMessages":[],"meta":{},"tags":[]},{"ancestorTitles":["workflow recovery guards"],"fullName":"workflow recovery guards pauses an idempotent node that has already spent its attempts","status":"passed","title":"pauses an idempotent node that has already spent its attempts","duration":2.7984999999998763,"failureMessages":[],"meta":{},"tags":[]},{"ancestorTitles":["workflow recovery guards"],"fullName":"workflow recovery guards leaves an already paused run paused while recovering its node","status":"passed","title":"leaves an already paused run paused while recovering its node","duration":2.9976999999998952,"failureMessages":[],"meta":{},"tags":[]},{"ancestorTitles":["workflow recovery guards"],"fullName":"workflow recovery guards skips a node that stopped running before recovery reached it","status":"passed","title":"skips a node that stopped running before recovery reached it","duration":2.404899999999998,"failureMessages":[],"meta":{},"tags":[]},{"ancestorTitles":["WorkflowEngineService lifecycle"],"fullName":"WorkflowEngineService lifecycle exposes the startup recovery result and refuses use before initialization","status":"passed","title":"exposes the startup recovery result and refuses use before initialization","duration":3.51520000000005,"failureMessages":[],"meta":{},"tags":[]},{"ancestorTitles":["WorkflowEngineService lifecycle"],"fullName":"WorkflowEngineService lifecycle refuses repository use before the foundation opens its domain","status":"passed","title":"refuses repository use before the foundation opens its domain","duration":0.8063000000001921,"failureMessages":[],"meta":{},"tags":[]}],"startTime":1787851102272,"endTime":1787851102330.8064,"status":"passed","message":"","name":"D:/deepseek-harness/deepseek-harness/packages/paper/paper-foundation/tests/workflow-guards.spec.ts"},{"assertionResults":[{"ancestorTitles":["WorkflowEngine"],"fullName":"WorkflowEngine persists legal run and node transitions and rejects terminal rewrites","status":"passed","title":"persists legal run and node transitions and rejects terminal rewrites","duration":21.838900000000194,"failureMessages":[],"meta":{},"tags":[]},{"ancestorTitles":["WorkflowEngine"],"fullName":"WorkflowEngine recovers idempotent nodes to ready and pauses non-idempotent nodes","status":"passed","title":"recovers idempotent nodes to ready and pauses non-idempotent nodes","duration":5.767699999999877,"failureMessages":[],"meta":{},"tags":[]}],"startTime":1787851102270,"endTime":1787851102297.7676,"status":"passed","message":"","name":"D:/deepseek-harness/deepseek-harness/packages/paper/paper-foundation/tests/workflow.spec.ts"},{"assertionResults":[{"ancestorTitles":["ArtifactStates — three-state invariant"],"fullName":"ArtifactStates — three-state invariant allows Candidate -> Verified (state change preserves required fields)","status":"passed","title":"allows Candidate -> Verified (state change preserves required fields)","duration":2.51380000000006,"failureMessages":[],"meta":{},"tags":[]},{"ancestorTitles":["ArtifactStates — three-state invariant"],"fullName":"ArtifactStates — three-state invariant rejects direct Candidate -> Deliverable: deliverable schema refuses without verifiedAt / promotedAt / finalOutputPath","status":"passed","title":"rejects direct Candidate -> Deliverable: deliverable schema refuses without verifiedAt / promotedAt / finalOutputPath","duration":1.0793999999999642,"failureMessages":[],"meta":{},"tags":[]},{"ancestorTitles":["ArtifactStates — three-state invariant"],"fullName":"ArtifactStates — three-state invariant allows Verified -> Deliverable (promoter-side only)","status":"passed","title":"allows Verified -> Deliverable (promoter-side only)","duration":0.31500000000005457,"failureMessages":[],"meta":{},"tags":[]},{"ancestorTitles":["ArtifactStates — three-state invariant"],"fullName":"ArtifactStates — three-state invariant rejects an artifact with promotedAt set but state != DELIVERABLE (D-007: any direct promotion must be refused by the schema)","status":"passed","title":"rejects an artifact with promotedAt set but state != DELIVERABLE (D-007: any direct promotion must be refused by the schema)","duration":0.21470000000010714,"failureMessages":[],"meta":{},"tags":[]},{"ancestorTitles":["ArtifactStates — three-state invariant"],"fullName":"ArtifactStates — three-state invariant rejects unknown states (closed enum)","status":"passed","title":"rejects unknown states (closed enum)","duration":0.16560000000004038,"failureMessages":[],"meta":{},"tags":[]},{"ancestorTitles":["ArtifactStates — three-state invariant"],"fullName":"ArtifactStates — three-state invariant parseArtifact throws on malformed input","status":"passed","title":"parseArtifact throws on malformed input","duration":0.6743000000000166,"failureMessages":[],"meta":{},"tags":[]}],"startTime":1787851101749,"endTime":1787851101754.6743,"status":"passed","message":"","name":"D:/deepseek-harness/deepseek-harness/packages/paper/paper-foundation/tests/delivery/artifact-states.spec.ts"},{"assertionResults":[{"ancestorTitles":["DeliveryPolicy — D-001..D-008 attack matrix"],"fullName":"DeliveryPolicy — D-001..D-008 attack matrix D-001: critical gate FAIL even when reviewer data shows PASS → delivery BLOCKED","status":"passed","title":"D-001: critical gate FAIL even when reviewer data shows PASS → delivery BLOCKED","duration":2.565400000000011,"failureMessages":[],"meta":{},"tags":[]},{"ancestorTitles":["DeliveryPolicy — D-001..D-008 attack matrix"],"fullName":"DeliveryPolicy — D-001..D-008 attack matrix D-002: stale artifact id present → delivery BLOCKED with kind=stale","status":"passed","title":"D-002: stale artifact id present → delivery BLOCKED with kind=stale","duration":0.43600000000003547,"failureMessages":[],"meta":{},"tags":[]},{"ancestorTitles":["DeliveryPolicy — D-001..D-008 attack matrix"],"fullName":"DeliveryPolicy — D-001..D-008 attack matrix D-003: unresolved Result reference id present → delivery BLOCKED with kind=unresolved_ref","status":"passed","title":"D-003: unresolved Result reference id present → delivery BLOCKED with kind=unresolved_ref","duration":0.33449999999999136,"failureMessages":[],"meta":{},"tags":[]},{"ancestorTitles":["DeliveryPolicy — D-001..D-008 attack matrix"],"fullName":"DeliveryPolicy — D-001..D-008 attack matrix D-004: critical Claim with no evidence (provenance gate FAIL) → delivery BLOCKED","status":"passed","title":"D-004: critical Claim with no evidence (provenance gate FAIL) → delivery BLOCKED","duration":0.30700000000001637,"failureMessages":[],"meta":{},"tags":[]},{"ancestorTitles":["DeliveryPolicy — D-001..D-008 attack matrix"],"fullName":"DeliveryPolicy — D-001..D-008 attack matrix D-005: FAST mode cannot bypass a critical FAIL — must still BLOCK","status":"passed","title":"D-005: FAST mode cannot bypass a critical FAIL — must still BLOCK","duration":0.324799999999982,"failureMessages":[],"meta":{},"tags":[]},{"ancestorTitles":["DeliveryPolicy — D-001..D-008 attack matrix"],"fullName":"DeliveryPolicy — D-001..D-008 attack matrix D-006: execution gate FAIL → delivery BLOCKED","status":"passed","title":"D-006: execution gate FAIL → delivery BLOCKED","duration":0.31349999999997635,"failureMessages":[],"meta":{},"tags":[]},{"ancestorTitles":["DeliveryPolicy — D-001..D-008 attack matrix"],"fullName":"DeliveryPolicy — D-001..D-008 attack matrix D-007: required output uncovered → decision.allowed=false (precondition for direct promote() rejection)","status":"passed","title":"D-007: required output uncovered → decision.allowed=false (precondition for direct promote() rejection)","duration":0.28630000000003974,"failureMessages":[],"meta":{},"tags":[]},{"ancestorTitles":["DeliveryPolicy — D-001..D-008 attack matrix"],"fullName":"DeliveryPolicy — D-001..D-008 attack matrix D-008: reviewer malformed output — provenance gate BLOCKED → delivery BLOCKED","status":"passed","title":"D-008: reviewer malformed output — provenance gate BLOCKED → delivery BLOCKED","duration":0.2892999999999688,"failureMessages":[],"meta":{},"tags":[]},{"ancestorTitles":["DeliveryPolicy — D-001..D-008 attack matrix"],"fullName":"DeliveryPolicy — D-001..D-008 attack matrix All critical PASS + no stale + no unresolved + all covered + profile valid → allowed","status":"passed","title":"All critical PASS + no stale + no unresolved + all covered + profile valid → allowed","duration":0.8242000000000189,"failureMessages":[],"meta":{},"tags":[]},{"ancestorTitles":["DeliveryPolicy — D-001..D-008 attack matrix"],"fullName":"DeliveryPolicy — D-001..D-008 attack matrix FAST mode: non-critical gate FAIL does NOT block delivery (only critical blocks)","status":"passed","title":"FAST mode: non-critical gate FAIL does NOT block delivery (only critical blocks)","duration":0.233099999999979,"failureMessages":[],"meta":{},"tags":[]},{"ancestorTitles":["DeliveryPolicy — D-001..D-008 attack matrix"],"fullName":"DeliveryPolicy — D-001..D-008 attack matrix FORMAL mode: non-critical gate FAIL does NOT block delivery either","status":"passed","title":"FORMAL mode: non-critical gate FAIL does NOT block delivery either","duration":0.14299999999997226,"failureMessages":[],"meta":{},"tags":[]},{"ancestorTitles":["DeliveryPolicy — D-001..D-008 attack matrix"],"fullName":"DeliveryPolicy — D-001..D-008 attack matrix runtime profile invalid → BLOCKED with kind=runtime_profile_invalid","status":"passed","title":"runtime profile invalid → BLOCKED with kind=runtime_profile_invalid","duration":0.1945999999999799,"failureMessages":[],"meta":{},"tags":[]}],"startTime":1787851102068,"endTime":1787851102075.1946,"status":"passed","message":"","name":"D:/deepseek-harness/deepseek-harness/packages/paper/paper-foundation/tests/delivery/delivery-policy.spec.ts"},{"assertionResults":[{"ancestorTitles":["Promoter — Candidate -> Deliverable"],"fullName":"Promoter — Candidate -> Deliverable happy path: candidate + allowed decision + FORMAL → delivers, audit promotion_succeeded, finalOutputPath set","status":"passed","title":"happy path: candidate + allowed decision + FORMAL → delivers, audit promotion_succeeded, finalOutputPath set","duration":4.318599999999947,"failureMessages":[],"meta":{},"tags":[]},{"ancestorTitles":["Promoter — Candidate -> Deliverable"],"fullName":"Promoter — Candidate -> Deliverable writeFinalOutput is called EXACTLY once on success (no double-write)","status":"passed","title":"writeFinalOutput is called EXACTLY once on success (no double-write)","duration":0.3020999999999958,"failureMessages":[],"meta":{},"tags":[]},{"ancestorTitles":["Promoter — Candidate -> Deliverable"],"fullName":"Promoter — Candidate -> Deliverable failure path: decision.allowed=false → writeFinalOutput NOT called, audit promotion_failed","status":"passed","title":"failure path: decision.allowed=false → writeFinalOutput NOT called, audit promotion_failed","duration":0.3408000000000584,"failureMessages":[],"meta":{},"tags":[]},{"ancestorTitles":["Promoter — Candidate -> Deliverable"],"fullName":"Promoter — Candidate -> Deliverable FAST mode bypass attempt: critical gate missing from policy.gates → fast_mode_bypass_attempt","status":"passed","title":"FAST mode bypass attempt: critical gate missing from policy.gates → fast_mode_bypass_attempt","duration":0.32959999999991396,"failureMessages":[],"meta":{},"tags":[]},{"ancestorTitles":["Promoter — Candidate -> Deliverable"],"fullName":"Promoter — Candidate -> Deliverable wrong source state: calling promote() with a non-CANDIDATE artifact → wrong_source_state","status":"passed","title":"wrong source state: calling promote() with a non-CANDIDATE artifact → wrong_source_state","duration":0.2819000000000642,"failureMessages":[],"meta":{},"tags":[]},{"ancestorTitles":["Promoter — Candidate -> Deliverable"],"fullName":"Promoter — Candidate -> Deliverable deliverable artifact has finalOutputPath set exactly when state = DELIVERABLE (already enforced by the schema; double-check here)","status":"passed","title":"deliverable artifact has finalOutputPath set exactly when state = DELIVERABLE (already enforced by the schema; double-check here)","duration":0.24339999999995143,"failureMessages":[],"meta":{},"tags":[]},{"ancestorTitles":["Promoter — Candidate -> Deliverable"],"fullName":"Promoter — Candidate -> Deliverable all required critical gate records must be present in FORMAL mode (sanity for the FAST-only bypass guard)","status":"passed","title":"all required critical gate records must be present in FORMAL mode (sanity for the FAST-only bypass guard)","duration":0.3187000000000353,"failureMessages":[],"meta":{},"tags":[]}],"startTime":1787851101739,"endTime":1787851101745.3186,"status":"passed","message":"","name":"D:/deepseek-harness/deepseek-harness/packages/paper/paper-foundation/tests/delivery/promoter.spec.ts"},{"assertionResults":[{"ancestorTitles":["CapabilityFirewall — attack tests"],"fullName":"CapabilityFirewall — attack tests A-006: REVIEW stage requesting shell is denied as forbidden_capability","status":"passed","title":"A-006: REVIEW stage requesting shell is denied as forbidden_capability","duration":1.3003999999999678,"failureMessages":[],"meta":{},"tags":[]},{"ancestorTitles":["CapabilityFirewall — attack tests"],"fullName":"CapabilityFirewall — attack tests A-007: DELIVERY stage requesting write_model_spec is denied as not_in_whitelist","status":"passed","title":"A-007: DELIVERY stage requesting write_model_spec is denied as not_in_whitelist","duration":0.20499999999992724,"failureMessages":[],"meta":{},"tags":[]},{"ancestorTitles":["CapabilityFirewall — attack tests"],"fullName":"CapabilityFirewall — attack tests A-008: PLAN stage requesting solver is denied as not_in_whitelist","status":"passed","title":"A-008: PLAN stage requesting solver is denied as not_in_whitelist","duration":0.1793999999999869,"failureMessages":[],"meta":{},"tags":[]},{"ancestorTitles":["CapabilityFirewall — forbidden capability surface"],"fullName":"CapabilityFirewall — forbidden capability surface self_modify is denied in every stage","status":"passed","title":"self_modify is denied in every stage","duration":0.258199999999988,"failureMessages":[],"meta":{},"tags":[]},{"ancestorTitles":["CapabilityFirewall — forbidden capability surface"],"fullName":"CapabilityFirewall — forbidden capability surface web is denied in MODEL stage","status":"passed","title":"web is denied in MODEL stage","duration":0.1996000000000322,"failureMessages":[],"meta":{},"tags":[]},{"ancestorTitles":["CapabilityFirewall — audit and statelessness"],"fullName":"CapabilityFirewall — audit and statelessness allowed requests are also recorded in the audit trail","status":"passed","title":"allowed requests are also recorded in the audit trail","duration":0.18580000000008567,"failureMessages":[],"meta":{},"tags":[]},{"ancestorTitles":["CapabilityFirewall — audit and statelessness"],"fullName":"CapabilityFirewall — audit and statelessness denied requests record an audit event with type=capability_check","status":"passed","title":"denied requests record an audit event with type=capability_check","duration":0.1854999999999336,"failureMessages":[],"meta":{},"tags":[]},{"ancestorTitles":["CapabilityFirewall — audit and statelessness"],"fullName":"CapabilityFirewall — audit and statelessness auditSink is called exactly once per check (no duplication)","status":"passed","title":"auditSink is called exactly once per check (no duplication)","duration":0.5446999999999207,"failureMessages":[],"meta":{},"tags":[]},{"ancestorTitles":["CapabilityFirewall — audit and statelessness"],"fullName":"CapabilityFirewall — audit and statelessness repeated identical requests both pass (no state, no idempotency cache)","status":"passed","title":"repeated identical requests both pass (no state, no idempotency cache)","duration":0.5226999999999862,"failureMessages":[],"meta":{},"tags":[]},{"ancestorTitles":["CapabilityFirewall — audit and statelessness"],"fullName":"CapabilityFirewall — audit and statelessness repeated identical denied requests both fail (no state poisoning to allowed)","status":"passed","title":"repeated identical denied requests both fail (no state poisoning to allowed)","duration":0.18200000000001637,"failureMessages":[],"meta":{},"tags":[]},{"ancestorTitles":["CapabilityFirewall — audit and statelessness"],"fullName":"CapabilityFirewall — audit and statelessness EXPLORATORY profile still denies self_modify in MODEL","status":"passed","title":"EXPLORATORY profile still denies self_modify in MODEL","duration":0.18449999999995725,"failureMessages":[],"meta":{},"tags":[]}],"startTime":1787851101698,"endTime":1787851101702.5227,"status":"passed","message":"","name":"D:/deepseek-harness/deepseek-harness/packages/paper/paper-foundation/tests/runtime/firewall.spec.ts"},{"assertionResults":[{"ancestorTitles":["PaperPreflight — attack tests"],"fullName":"PaperPreflight — attack tests A-001: storage (persistence) missing → blocks startup","status":"passed","title":"A-001: storage (persistence) missing → blocks startup","duration":1.9746000000000095,"failureMessages":[],"meta":{},"tags":[]},{"ancestorTitles":["PaperPreflight — attack tests"],"fullName":"PaperPreflight — attack tests A-002: artifact store missing → blocks startup","status":"passed","title":"A-002: artifact store missing → blocks startup","duration":0.5300000000000864,"failureMessages":[],"meta":{},"tags":[]},{"ancestorTitles":["PaperPreflight — attack tests"],"fullName":"PaperPreflight — attack tests A-003: verifier registry missing → blocks startup","status":"passed","title":"A-003: verifier registry missing → blocks startup","duration":0.25900000000001455,"failureMessages":[],"meta":{},"tags":[]},{"ancestorTitles":["PaperPreflight — attack tests"],"fullName":"PaperPreflight — attack tests A-004: delivery policy missing → blocks startup","status":"passed","title":"A-004: delivery policy missing → blocks startup","duration":0.23220000000003438,"failureMessages":[],"meta":{},"tags":[]},{"ancestorTitles":["PaperPreflight — attack tests"],"fullName":"PaperPreflight — attack tests A-005: unknown production configuration → blocks startup with non-empty unknownConfig","status":"passed","title":"A-005: unknown production configuration → blocks startup with non-empty unknownConfig","duration":0.217899999999986,"failureMessages":[],"meta":{},"tags":[]},{"ancestorTitles":["PaperPreflight — happy path and aggregate missing counts"],"fullName":"PaperPreflight — happy path and aggregate missing counts all six services present and known config → ok: true","status":"passed","title":"all six services present and known config → ok: true","duration":0.11789999999996326,"failureMessages":[],"meta":{},"tags":[]},{"ancestorTitles":["PaperPreflight — happy path and aggregate missing counts"],"fullName":"PaperPreflight — happy path and aggregate missing counts missing exactly one service → missing.length === 1","status":"passed","title":"missing exactly one service → missing.length === 1","duration":0.19419999999990978,"failureMessages":[],"meta":{},"tags":[]},{"ancestorTitles":["PaperPreflight — happy path and aggregate missing counts"],"fullName":"PaperPreflight — happy path and aggregate missing counts missing two services → missing.length === 2","status":"passed","title":"missing two services → missing.length === 2","duration":0.310799999999972,"failureMessages":[],"meta":{},"tags":[]},{"ancestorTitles":["PaperPreflight — happy path and aggregate missing counts"],"fullName":"PaperPreflight — happy path and aggregate missing counts audit sink is called even when unknownConfig and missing both fire","status":"passed","title":"audit sink is called even when unknownConfig and missing both fire","duration":1.047800000000052,"failureMessages":[],"meta":{},"tags":[]},{"ancestorTitles":["PaperPreflight — happy path and aggregate missing counts"],"fullName":"PaperPreflight — happy path and aggregate missing counts without an audit sink, preflight still blocks (stderr-only fallback)","status":"passed","title":"without an audit sink, preflight still blocks (stderr-only fallback)","duration":0.8733999999999469,"failureMessages":[],"meta":{},"tags":[]}],"startTime":1787851101701,"endTime":1787851101706.8733,"status":"passed","message":"","name":"D:/deepseek-harness/deepseek-harness/packages/paper/paper-foundation/tests/runtime/preflight.spec.ts"},{"assertionResults":[{"ancestorTitles":["PaperRuntimeProfile — FORMAL"],"fullName":"PaperRuntimeProfile — FORMAL declares FORMAL mode","status":"passed","title":"declares FORMAL mode","duration":1.0249999999999773,"failureMessages":[],"meta":{},"tags":[]},{"ancestorTitles":["PaperRuntimeProfile — FORMAL"],"fullName":"PaperRuntimeProfile — FORMAL includes all six required services","status":"passed","title":"includes all six required services","duration":0.5707999999999629,"failureMessages":[],"meta":{},"tags":[]},{"ancestorTitles":["PaperRuntimeProfile — FORMAL"],"fullName":"PaperRuntimeProfile — FORMAL PLAN stage only allows read_problem","status":"passed","title":"PLAN stage only allows read_problem","duration":0.23509999999998854,"failureMessages":[],"meta":{},"tags":[]},{"ancestorTitles":["PaperRuntimeProfile — FORMAL"],"fullName":"PaperRuntimeProfile — FORMAL DELIVERY stage only allows read_verified_artifact","status":"passed","title":"DELIVERY stage only allows read_verified_artifact","duration":0.13850000000002183,"failureMessages":[],"meta":{},"tags":[]},{"ancestorTitles":["PaperRuntimeProfile — FORMAL"],"fullName":"PaperRuntimeProfile — FORMAL does not allow shell, web, or self_modify in any stage","status":"passed","title":"does not allow shell, web, or self_modify in any stage","duration":0.39869999999996253,"failureMessages":[],"meta":{},"tags":[]},{"ancestorTitles":["PaperRuntimeProfile — FORMAL"],"fullName":"PaperRuntimeProfile — FORMAL lists at least five critical gate IDs","status":"passed","title":"lists at least five critical gate IDs","duration":0.16480000000001382,"failureMessages":[],"meta":{},"tags":[]},{"ancestorTitles":["PaperRuntimeProfile — FORMAL"],"fullName":"PaperRuntimeProfile — FORMAL declares a non-empty delivery policy ID","status":"passed","title":"declares a non-empty delivery policy ID","duration":0.14580000000000837,"failureMessages":[],"meta":{},"tags":[]},{"ancestorTitles":["PaperRuntimeProfile — FAST vs FORMAL"],"fullName":"PaperRuntimeProfile — FAST vs FORMAL FAST differs from FORMAL by at most 2 non-critical items","status":"passed","title":"FAST differs from FORMAL by at most 2 non-critical items","duration":0.23490000000003874,"failureMessages":[],"meta":{},"tags":[]},{"ancestorTitles":["PaperRuntimeProfile — EXPLORATORY vs FORMAL"],"fullName":"PaperRuntimeProfile — EXPLORATORY vs FORMAL EXPLORATORY differs from FORMAL on stage policies (PLAN is the change)","status":"passed","title":"EXPLORATORY differs from FORMAL on stage policies (PLAN is the change)","duration":0.19629999999995107,"failureMessages":[],"meta":{},"tags":[]},{"ancestorTitles":["PaperRuntimeProfile — EXPLORATORY vs FORMAL"],"fullName":"PaperRuntimeProfile — EXPLORATORY vs FORMAL EXPLORATORY allows no forbidden capabilities either","status":"passed","title":"EXPLORATORY allows no forbidden capabilities either","duration":0.34339999999997417,"failureMessages":[],"meta":{},"tags":[]},{"ancestorTitles":["PaperRuntimeProfile — EXPLORATORY vs FORMAL"],"fullName":"PaperRuntimeProfile — EXPLORATORY vs FORMAL every FORMAL stage has a strict, non-overlapping whitelist shape","status":"passed","title":"every FORMAL stage has a strict, non-overlapping whitelist shape","duration":0.2420999999999367,"failureMessages":[],"meta":{},"tags":[]}],"startTime":1787851101700,"endTime":1787851101704.2422,"status":"passed","message":"","name":"D:/deepseek-harness/deepseek-harness/packages/paper/paper-foundation/tests/runtime/profile.spec.ts"}]}